<?xml version="1.0" encoding="UTF-8"?>
<!-- Generated by org.testng.reporters.JUnitXMLReporter -->
<testsuite ignored="0" hostname="DESKTOP-NRLQRJU" failures="0" tests="8" name="Adactin App Test Cases" time="73.204" errors="0" timestamp="2023-06-19T20:11:10 IST">
  <testcase classname="com.adactin.testcases.LoginPageTest" name="adactinLogoTest" time="0.087"/>
  <testcase classname="com.adactin.testcases.LoginPageTest" name="loginFuncTest" time="3.516"/>
  <testcase classname="com.adactin.testcases.LoginPageTest" name="loginTitleTest" time="0.02"/>
  <testcase classname="com.adactin.testcases.LoginPageTest" name="registrationLinkTest" time="2.969"/>
  <testcase classname="com.adactin.testcases.SearchHotelPageTest" name="changePasswordLinkTest" time="0.926"/>
  <testcase classname="com.adactin.testcases.SearchHotelPageTest" name="logoutLinkTest" time="0.589"/>
  <testcase classname="com.adactin.testcases.SearchHotelPageTest" name="searchHotelPageTitleTest" time="0.022"/>
  <testcase classname="com.adactin.testcases.SearchHotelPageTest" name="userNameLabelTest" time="0.067"/>
</testsuite> <!-- Adactin App Test Cases -->
